c:\users\user\source\repos\animationcontroller\release\animationcontroller.ipdb
c:\users\user\source\repos\animationcontroller\release\animationcontroller.iobj
e:\programming\nfs u2\nfsu2_animationcontroller\animationcontroller\release\animationcontroller.ipdb
e:\programming\nfs u2\nfsu2_animationcontroller\animationcontroller\release\animationcontroller.iobj
c:\users\user\source\repos\animationcontroller\animationcontroller\release\animationcontroller.pch
c:\users\user\source\repos\animationcontroller\animationcontroller\release\vc142.pdb
c:\users\user\source\repos\animationcontroller\animationcontroller\release\pch.obj
c:\users\user\source\repos\animationcontroller\animationcontroller\release\dllmain.obj
e:\programming\nfs u2\nfsu2_animationcontroller\animationcontroller\animationcontroller\release\animationcontroller.pch
e:\programming\nfs u2\nfsu2_animationcontroller\animationcontroller\animationcontroller\release\vc142.pdb
e:\programming\nfs u2\nfsu2_animationcontroller\animationcontroller\animationcontroller\release\pch.obj
e:\programming\nfs u2\nfsu2_animationcontroller\animationcontroller\animationcontroller\release\dllmain.obj
c:\users\user\source\repos\animationcontroller\release\animationcontroller.asi
c:\users\user\source\repos\animationcontroller\release\animationcontroller.pdb
e:\programming\nfs u2\nfsu2_animationcontroller\animationcontroller\release\animationcontroller.asi
e:\programming\nfs u2\nfsu2_animationcontroller\animationcontroller\release\animationcontroller.pdb
e:\programming\nfs u2\nfsu2_animationcontroller\animationcontroller\animationcontroller\release\animatio.db3611b9.tlog\animationcontroller.write.1u.tlog
e:\programming\nfs u2\nfsu2_animationcontroller\animationcontroller\animationcontroller\release\animatio.db3611b9.tlog\cl.command.1.tlog
e:\programming\nfs u2\nfsu2_animationcontroller\animationcontroller\animationcontroller\release\animatio.db3611b9.tlog\cl.read.1.tlog
e:\programming\nfs u2\nfsu2_animationcontroller\animationcontroller\animationcontroller\release\animatio.db3611b9.tlog\cl.write.1.tlog
e:\programming\nfs u2\nfsu2_animationcontroller\animationcontroller\animationcontroller\release\animatio.db3611b9.tlog\link.command.1.tlog
e:\programming\nfs u2\nfsu2_animationcontroller\animationcontroller\animationcontroller\release\animatio.db3611b9.tlog\link.read.1.tlog
e:\programming\nfs u2\nfsu2_animationcontroller\animationcontroller\animationcontroller\release\animatio.db3611b9.tlog\link.write.1.tlog
